<?xml version="1.0" encoding="UTF-8"?>
<!-- Generated by org.testng.reporters.JUnitXMLReporter -->
<testsuite ignored="0" hostname="LAPTOP-1LI5CG8U" failures="0" tests="4" name="Test" time="0.036" errors="0" timestamp="2022-05-22T22:33:07 IST">
  <testcase classname="test.AllTestCases" name="RegressionTestA" time="0.004"/>
  <testcase classname="test.AllTestCases" name="RegressionTestB" time="0.001"/>
  <testcase classname="test.AllTestCases" name="SanityTestA" time="0.002"/>
  <testcase classname="test.AllTestCases" name="SanityTestB" time="0.0"/>
</testsuite> <!-- Test -->
