<?xml version="1.0" encoding="UTF-8"?>
<testsuite xmlns:xsi="http://www.w3.org/2001/XMLSchema-instance" xsi:noNamespaceSchemaLocation="https://maven.apache.org/surefire/maven-surefire-plugin/xsd/surefire-test-report-3.0.xsd" version="3.0" name="TestSuite" time="0.4" tests="4" errors="0" skipped="0" failures="0">
  <properties>
[...]
</properties>
  <testcase name="RegressionTestA" classname="test.AllTestCases" time="0.004">
    <system-out><![CDATA[Regression Testcase A
]]></system-out>
  </testcase>
  <testcase name="RegressionTestB" classname="test.AllTestCases" time="0">
    <system-out><![CDATA[Regression Testcase B
]]></system-out>
  </testcase>
  <testcase name="SanityTestA" classname="test.AllTestCases" time="0">
    <system-out><![CDATA[Sanity Testcase A
]]></system-out>
  </testcase>
  <testcase name="SanityTestB" classname="test.AllTestCases" time="0">
    <system-out><![CDATA[Sanity Testcase B
]]></system-out>
  </testcase>
</testsuite>