<?xml version="1.0" encoding="UTF-8"?>
<testng-results ignored="0" total="4" passed="4" failed="0" skipped="0">
  <reporter-output>
  </reporter-output>
  <suite started-at="2022-05-22T21:59:45 IST" name="Suite" finished-at="2022-05-22T21:59:45 IST" duration-ms="46">
    <groups>
    </groups>
    <test started-at="2022-05-22T21:59:45 IST" name="Test" finished-at="2022-05-22T21:59:45 IST" duration-ms="46">
      <class name="test.AllTestCases">
        <test-method signature="RegressionTestA()[pri:0, instance:test.AllTestCases@2beee7ff]" started-at="2022-05-22T21:59:45 IST" name="RegressionTestA" finished-at="2022-05-22T21:59:45 IST" duration-ms="9" status="PASS">
          <reporter-output>
          </reporter-output>
        </test-method> <!-- RegressionTestA -->
        <test-method signature="RegressionTestB()[pri:0, instance:test.AllTestCases@2beee7ff]" started-at="2022-05-22T21:59:45 IST" name="RegressionTestB" finished-at="2022-05-22T21:59:45 IST" duration-ms="1" status="PASS">
          <reporter-output>
          </reporter-output>
        </test-method> <!-- RegressionTestB -->
        <test-method signature="SanityTestA()[pri:0, instance:test.AllTestCases@2beee7ff]" started-at="2022-05-22T21:59:45 IST" name="SanityTestA" finished-at="2022-05-22T21:59:45 IST" duration-ms="1" status="PASS">
          <reporter-output>
          </reporter-output>
        </test-method> <!-- SanityTestA -->
        <test-method signature="SanityTestB()[pri:0, instance:test.AllTestCases@2beee7ff]" started-at="2022-05-22T21:59:45 IST" name="SanityTestB" finished-at="2022-05-22T21:59:45 IST" duration-ms="1" status="PASS">
          <reporter-output>
          </reporter-output>
        </test-method> <!-- SanityTestB -->
      </class> <!-- test.AllTestCases -->
    </test> <!-- Test -->
  </suite> <!-- Suite -->
</testng-results>
